


ARM Macro Assembler    Page 1 


    1 00000000         ; estados.s
    2 00000000         ; Desenvolvido para a placa EK-TM4C1294XL
    3 00000000         
    4 00000000         
    5 00000000         ; ------------------------------------------------------
                       -------------------------
    6 00000000                 THUMB                        ; Instruções do tip
                                                            o Thumb-2
    7 00000000         ; ------------------------------------------------------
                       -------------------------
    8 00000000         ; Declarações EQU - Defines
    9 00000000         ; ========================
   10 00000000         ; Estados
   11 00000000 00000001 
                       ABERTO  EQU              0x1
   12 00000000 00000002 
                       FECHANDO
                               EQU              0x2
   13 00000000 00000003 
                       FECHADO EQU              0x3
   14 00000000 00000004 
                       ABRINDO EQU              0x4
   15 00000000 00000005 
                       TRAVADO EQU              0x5
   16 00000000 00000006 
                       DESTRAVAMENTO
                               EQU              0x6
   17 00000000         
   18 00000000         ; Área de Código - Tudo abaixo da diretiva a seguir será
                        armazenado na memória de 
   19 00000000         ;                  código
   20 00000000                 AREA             |.text|, CODE, READONLY, ALIGN=
2
   21 00000000         
   22 00000000         ; Se alguma função do arquivo for chamada em outro arqui
                       vo 
   23 00000000         
   24 00000000                 EXPORT           CofreAberto
   25 00000000                 EXPORT           CofreFechando
   26 00000000                 EXPORT           CofreFechado
   27 00000000                 EXPORT           CofreAbrindo
   28 00000000                 EXPORT           CofreTravado
   29 00000000         
   30 00000000         ; Se chamar alguma função externa
   31 00000000                 IMPORT           SysTick_Wait1ms
   32 00000000                 IMPORT           PortA_Output
   33 00000000                 IMPORT           PortQ_Output
   34 00000000         
   35 00000000                 IMPORT           Turn0n_TransistorQ1
   36 00000000                 IMPORT           Turn0ff_TransistorQ1
   37 00000000         
   38 00000000                 IMPORT           Led
   39 00000000         
   40 00000000                 IMPORT           LcdMsgCofreAberto
   41 00000000                 IMPORT           LcdMsgCofreFechando
   42 00000000                 IMPORT           LcdMsgCofreFechado
   43 00000000                 IMPORT           LcdMsgCofreAbrindo
   44 00000000                 IMPORT           LcdMsgCofreTravado
   45 00000000         



ARM Macro Assembler    Page 2 


   46 00000000                 IMPORT           LcdDeslocaEsquerda
   47 00000000         
   48 00000000                 IMPORT           SetaSenha
   49 00000000                 IMPORT           ComparaSenha
   50 00000000         
   51 00000000         ;-------------------------------------------------------
                       -------------------------
   52 00000000         ; CofreAberto
   53 00000000         ; Parâmetro de entrada: Não tem
   54 00000000         ; Parâmetro de saída: Não tem
   55 00000000         *********************************
   56 00000000         CofreAberto
   57 00000000 B500            PUSH{LR}
   58 00000002         
   59 00000002 45DC            CMP              R12, R11
   60 00000004 D004            BEQ              LoopCofreAberto
   61 00000006 BF18 F7FF 
              FFFE             BLNE             LcdMsgCofreAberto
   62 0000000C F04F 0800       MOV              R8, #0
   63 00000010         LoopCofreAberto
   64 00000010 F108 0801       ADD              R8, #1
   65 00000014 F1B8 0F03       CMP              R8, #3
   66 00000018 BFA4            ITT              GE
   67 0000001A F04F 0800       MOVGE            R8, #0
   68 0000001E F7FF FFFE       BLGE             LcdDeslocaEsquerda
   69 00000022 F7FF FFFE       BL               SetaSenha
   70 00000026 F04F 0B01       MOV              R11, #ABERTO
   71 0000002A F85D EB04       POP{LR}
   72 0000002E 4770            BX               LR
   73 00000030         
   74 00000030         ;-------------------------------------------------------
                       -------------------------
   75 00000030         ; CofreFechando
   76 00000030         ; Parâmetro de entrada: Não tem
   77 00000030         ; Parâmetro de saída: Não tem
   78 00000030         *********************************
   79 00000030         CofreFechando
   80 00000030 B500            PUSH{LR}
   81 00000032 F7FF FFFE       BL               LcdMsgCofreFechando
   82 00000036         
   83 00000036 F241 3088       MOV              R0, #5000
   84 0000003A F7FF FFFE       BL               SysTick_Wait1ms
   85 0000003E         
   86 0000003E F04F 0B02       MOV              R11, #FECHANDO
   87 00000042 F04F 0C03       MOV              R12, #FECHADO
   88 00000046         
   89 00000046 F85D EB04       POP{LR}
   90 0000004A 4770            BX               LR
   91 0000004C         
   92 0000004C         ;-------------------------------------------------------
                       -------------------------
   93 0000004C         ; CofreFechado
   94 0000004C         ; Parâmetro de entrada: Não tem
   95 0000004C         ; Parâmetro de saída: Não tem
   96 0000004C         *********************************
   97 0000004C         CofreFechado
   98 0000004C B500            PUSH{LR}
   99 0000004E         
  100 0000004E 45DC            CMP              R12, R11



ARM Macro Assembler    Page 3 


  101 00000050 D004            BEQ              LoopCofreFechado
  102 00000052 BF18 F7FF 
              FFFE             BLNE             LcdMsgCofreFechado
  103 00000058 F04F 0700       MOV              R7, #0
  104 0000005C         LoopCofreFechado
  105 0000005C 2F03            CMP              R7, #3
  106 0000005E BFA4            ITT              GE
  107 00000060 F04F 0C05       MOVGE            R12, #TRAVADO
  108 00000064 E003            BGE              Fim_CofreFechado
  109 00000066         
  110 00000066 F7FF FFFE       BL               ComparaSenha
  111 0000006A F04F 0B03       MOV              R11, #FECHADO
  112 0000006E         Fim_CofreFechado
  113 0000006E F85D EB04       POP{LR}
  114 00000072 4770            BX               LR
  115 00000074         
  116 00000074         ;-------------------------------------------------------
                       -------------------------
  117 00000074         ; CofreAbrindo
  118 00000074         ; Parâmetro de entrada: Não tem
  119 00000074         ; Parâmetro de saída: Não tem
  120 00000074         *********************************
  121 00000074         CofreAbrindo
  122 00000074 B500            PUSH{LR}
  123 00000076 F7FF FFFE       BL               LcdMsgCofreAbrindo
  124 0000007A         
  125 0000007A F241 3088       MOV              R0, #5000
  126 0000007E F7FF FFFE       BL               SysTick_Wait1ms
  127 00000082         
  128 00000082 F04F 0B04       MOV              R11, #ABRINDO
  129 00000086 F04F 0C01       MOV              R12, #ABERTO
  130 0000008A         
  131 0000008A F85D EB04       POP{LR}
  132 0000008E 4770            BX               LR
  133 00000090         
  134 00000090         ;-------------------------------------------------------
                       -------------------------
  135 00000090         ; CofreTravado
  136 00000090         ; Parâmetro de entrada: Não tem
  137 00000090         ; Parâmetro de saída: Não tem
  138 00000090         *********************************
  139 00000090         CofreTravado
  140 00000090 B500            PUSH{LR}
  141 00000092         
  142 00000092 45DC            CMP              R12, R11
  143 00000094 D00A            BEQ              LoopCofreTravado
  144 00000096 BF18 F7FF 
              FFFE             BLNE             LcdMsgCofreTravado
  145 0000009C F04F 07FF       MOV              R7, #2_11111111
  146 000000A0 F04F 0800       MOV              R8, #0
  147 000000A4 F04F 0600       MOV              R6, #0
  148 000000A8 F7FF FFFE       BL               Led
  149 000000AC         
  150 000000AC         LoopCofreTravado
  151 000000AC F108 0801       ADD              R8, #1
  152 000000B0 2E01            CMP              R6, #1
  153 000000B2 BF14            ITE              NE
  154 000000B4 20FA            MOVNE            R0, #250
  155 000000B6 200A            MOVEQ            R0, #10



ARM Macro Assembler    Page 4 


  156 000000B8 4580            CMP              R8, R0
  157 000000BA D303            BLO              pula_led
  158 000000BC F04F 0800       MOV              R8, #0
  159 000000C0 F087 07FF       EOR              R7, R7, #2_11111111
  160 000000C4         
  161 000000C4         pula_led
  162 000000C4 F7FF FFFE       BL               Led
  163 000000C8 2E01            CMP              R6, #1
  164 000000CA BF08 F7FF 
              FFFE             BLEQ             ComparaSenha
  165 000000D0         ;verificar flag que libera pra destravar e verificar sen
                       ha mestra
  166 000000D0 F04F 0B05       MOV              R11, #TRAVADO
  167 000000D4 F85D EB04       POP{LR}
  168 000000D8 4770            BX               LR
  169 000000DA         
  170 000000DA         
  171 000000DA         
  172 000000DA 00 00           ALIGN                        ; garante que o fim
                                                             da seção está alin
                                                            hada 
  173 000000DC                 END                          ; fim do arquivo
Command Line: --debug --xref --diag_suppress=9931 --cpu=Cortex-M4.fp.sp --apcs=
interwork --depend=.\objects\estados.d -o.\objects\estados.o -IC:\Users\admin\A
ppData\Local\Arm\Packs\Keil\TM4C_DFP\1.1.0\Device\Include\TM4C129 --predefine="
__EVAL SETA 1" --predefine="__UVISION_VERSION SETA 536" --predefine="TM4C1294NC
PDT SETA 1" --list=.\listings\estados.lst estados.s



ARM Macro Assembler    Page 1 Alphabetic symbol ordering
Relocatable symbols

.text 00000000

Symbol: .text
   Definitions
      At line 20 in file estados.s
   Uses
      None
Comment: .text unused
CofreAberto 00000000

Symbol: CofreAberto
   Definitions
      At line 56 in file estados.s
   Uses
      At line 24 in file estados.s
Comment: CofreAberto used once
CofreAbrindo 00000074

Symbol: CofreAbrindo
   Definitions
      At line 121 in file estados.s
   Uses
      At line 27 in file estados.s
Comment: CofreAbrindo used once
CofreFechado 0000004C

Symbol: CofreFechado
   Definitions
      At line 97 in file estados.s
   Uses
      At line 26 in file estados.s
Comment: CofreFechado used once
CofreFechando 00000030

Symbol: CofreFechando
   Definitions
      At line 79 in file estados.s
   Uses
      At line 25 in file estados.s
Comment: CofreFechando used once
CofreTravado 00000090

Symbol: CofreTravado
   Definitions
      At line 139 in file estados.s
   Uses
      At line 28 in file estados.s
Comment: CofreTravado used once
Fim_CofreFechado 0000006E

Symbol: Fim_CofreFechado
   Definitions
      At line 112 in file estados.s
   Uses
      At line 108 in file estados.s
Comment: Fim_CofreFechado used once
LoopCofreAberto 00000010

Symbol: LoopCofreAberto



ARM Macro Assembler    Page 2 Alphabetic symbol ordering
Relocatable symbols

   Definitions
      At line 63 in file estados.s
   Uses
      At line 60 in file estados.s
Comment: LoopCofreAberto used once
LoopCofreFechado 0000005C

Symbol: LoopCofreFechado
   Definitions
      At line 104 in file estados.s
   Uses
      At line 101 in file estados.s
Comment: LoopCofreFechado used once
LoopCofreTravado 000000AC

Symbol: LoopCofreTravado
   Definitions
      At line 150 in file estados.s
   Uses
      At line 143 in file estados.s
Comment: LoopCofreTravado used once
pula_led 000000C4

Symbol: pula_led
   Definitions
      At line 161 in file estados.s
   Uses
      At line 157 in file estados.s
Comment: pula_led used once
11 symbols



ARM Macro Assembler    Page 1 Alphabetic symbol ordering
Absolute symbols

ABERTO 00000001

Symbol: ABERTO
   Definitions
      At line 11 in file estados.s
   Uses
      At line 70 in file estados.s
      At line 129 in file estados.s

ABRINDO 00000004

Symbol: ABRINDO
   Definitions
      At line 14 in file estados.s
   Uses
      At line 128 in file estados.s
Comment: ABRINDO used once
DESTRAVAMENTO 00000006

Symbol: DESTRAVAMENTO
   Definitions
      At line 16 in file estados.s
   Uses
      None
Comment: DESTRAVAMENTO unused
FECHADO 00000003

Symbol: FECHADO
   Definitions
      At line 13 in file estados.s
   Uses
      At line 87 in file estados.s
      At line 111 in file estados.s

FECHANDO 00000002

Symbol: FECHANDO
   Definitions
      At line 12 in file estados.s
   Uses
      At line 86 in file estados.s
Comment: FECHANDO used once
TRAVADO 00000005

Symbol: TRAVADO
   Definitions
      At line 15 in file estados.s
   Uses
      At line 107 in file estados.s
      At line 166 in file estados.s

6 symbols



ARM Macro Assembler    Page 1 Alphabetic symbol ordering
External symbols

ComparaSenha 00000000

Symbol: ComparaSenha
   Definitions
      At line 49 in file estados.s
   Uses
      At line 110 in file estados.s
      At line 164 in file estados.s

LcdDeslocaEsquerda 00000000

Symbol: LcdDeslocaEsquerda
   Definitions
      At line 46 in file estados.s
   Uses
      At line 68 in file estados.s
Comment: LcdDeslocaEsquerda used once
LcdMsgCofreAberto 00000000

Symbol: LcdMsgCofreAberto
   Definitions
      At line 40 in file estados.s
   Uses
      At line 61 in file estados.s
Comment: LcdMsgCofreAberto used once
LcdMsgCofreAbrindo 00000000

Symbol: LcdMsgCofreAbrindo
   Definitions
      At line 43 in file estados.s
   Uses
      At line 123 in file estados.s
Comment: LcdMsgCofreAbrindo used once
LcdMsgCofreFechado 00000000

Symbol: LcdMsgCofreFechado
   Definitions
      At line 42 in file estados.s
   Uses
      At line 102 in file estados.s
Comment: LcdMsgCofreFechado used once
LcdMsgCofreFechando 00000000

Symbol: LcdMsgCofreFechando
   Definitions
      At line 41 in file estados.s
   Uses
      At line 81 in file estados.s
Comment: LcdMsgCofreFechando used once
LcdMsgCofreTravado 00000000

Symbol: LcdMsgCofreTravado
   Definitions
      At line 44 in file estados.s
   Uses
      At line 144 in file estados.s
Comment: LcdMsgCofreTravado used once
Led 00000000




ARM Macro Assembler    Page 2 Alphabetic symbol ordering
External symbols

Symbol: Led
   Definitions
      At line 38 in file estados.s
   Uses
      At line 148 in file estados.s
      At line 162 in file estados.s

PortA_Output 00000000

Symbol: PortA_Output
   Definitions
      At line 32 in file estados.s
   Uses
      None
Comment: PortA_Output unused
PortQ_Output 00000000

Symbol: PortQ_Output
   Definitions
      At line 33 in file estados.s
   Uses
      None
Comment: PortQ_Output unused
SetaSenha 00000000

Symbol: SetaSenha
   Definitions
      At line 48 in file estados.s
   Uses
      At line 69 in file estados.s
Comment: SetaSenha used once
SysTick_Wait1ms 00000000

Symbol: SysTick_Wait1ms
   Definitions
      At line 31 in file estados.s
   Uses
      At line 84 in file estados.s
      At line 126 in file estados.s

Turn0ff_TransistorQ1 00000000

Symbol: Turn0ff_TransistorQ1
   Definitions
      At line 36 in file estados.s
   Uses
      None
Comment: Turn0ff_TransistorQ1 unused
Turn0n_TransistorQ1 00000000

Symbol: Turn0n_TransistorQ1
   Definitions
      At line 35 in file estados.s
   Uses
      None
Comment: Turn0n_TransistorQ1 unused
14 symbols
365 symbols in table
