


ARM Macro Assembler    Page 1 


    1 00000000         ; senha.s
    2 00000000         
    3 00000000         ; ------------------------------------------------------
                       -------------------------
    4 00000000                 THUMB                        ; Instruções do tip
                                                            o Thumb-2
    5 00000000         ; ------------------------------------------------------
                       -------------------------
    6 00000000         
    7 00000000         ; Declarações EQU - Defines
    8 00000000         ;<NOME>         EQU <VALOR>
    9 00000000         ; ========================
   10 00000000         ; Estados
   11 00000000 00000001 
                       ABERTO  EQU              0x1
   12 00000000 00000002 
                       FECHANDO
                               EQU              0x2
   13 00000000 00000003 
                       FECHADO EQU              0x3
   14 00000000 00000004 
                       ABRINDO EQU              0x4
   15 00000000 00000005 
                       TRAVADO EQU              0x5
   16 00000000         
   17 00000000 20000000 
                       END_SENHA
                               EQU              0x20000000
   18 00000000 00002309 
                       SENHA_MESTRA
                               EQU              0x2309
   19 00000000         
   20 00000000         ; ------------------------------------------------------
                       -------------------------
   21 00000000         ; Área de Dados - Declarações de variáveis
   22 00000000                 AREA             DATA, ALIGN=2
   23 00000000         ; Se alguma variável for chamada em outro arquivo
   24 00000000         ;EXPORT  <var> [DATA,SIZE=<tam>]   ; Permite chamar a va
                       riável <var> a 
   25 00000000         ; partir de outro arquivo
   26 00000000         ;<var> SPACE <tam>                        ; Declara uma 
                       variável de nome <var>
   27 00000000         ; de <tam> bytes a partir da primeira 
   28 00000000         ; posição da RAM  
   29 00000000         
   30 00000000         ; ------------------------------------------------------
                       -------------------------
   31 00000000         ; Área de Código - Tudo abaixo da diretiva a seguir será
                        armazenado na memória de 
   32 00000000         ;                  código
   33 00000000                 AREA             |.text|, CODE, READONLY, ALIGN=
2
   34 00000000         
   35 00000000         ; Se alguma função do arquivo for chamada em outro arqui
                       vo 
   36 00000000                 EXPORT           SetaSenha
   37 00000000                 EXPORT           ComparaSenha
   38 00000000         
   39 00000000         ; Se chamar alguma função externa 



ARM Macro Assembler    Page 2 


   40 00000000         ;IMPORT <func>              ; Permite chamar dentro dest
                       e arquivo uma 
   41 00000000         ; função <func>
   42 00000000                 IMPORT           PortM_Output
   43 00000000                 IMPORT           PortK_Output
   44 00000000                 IMPORT           SysTick_Wait1ms
   45 00000000                 IMPORT           SysTick_Wait1us
   46 00000000                 IMPORT           Teclado_PegarTeclaPressionada
   47 00000000         ;-------------------------------------------------------
                       ------------------------  
   48 00000000         ;SetaSenha
   49 00000000         SetaSenha
   50 00000000 B500            PUSH{LR}
   51 00000002         
   52 00000002 F7FF FFFE       BL               Teclado_PegarTeclaPressionada
   53 00000006 28FF            CMP              R0, #0xFF
   54 00000008 D011            BEQ              Fim_SetaSenha
   55 0000000A         
   56 0000000A 4604            MOV              R4, R0      ;guarda a tecla pre
                                                            ssionada em R4
   57 0000000C         
   58 0000000C F1BA 0F04       CMP              R10, #4
   59 00000010         ;se tiver 4 comparar com hashtag
   60 00000010 BFA8 F000 
              F80F             BLGE             VerificaHashtag_SetaSenha
   61 00000016 2901            CMP              R1, #1      ; se volta 1, era h
                                                            ashtag
   62 00000018 D009            BEQ              Fim_SetaSenha
   63 0000001A         
   64 0000001A EA4F 1909       LSL              R9, R9, #4
   65 0000001E EA49 0904       ORR              R9, R4
   66 00000022 F64F 73FF       MOV              R3, #0x0000FFFF ; para eliminar
                                                             se passar de 4
   67 00000026 EA09 0903       AND              R9, R3
   68 0000002A         
   69 0000002A F10A 0A01       ADD              R10, #1
   70 0000002E         
   71 0000002E         Fim_SetaSenha
   72 0000002E F85D EB04       POP              {LR}
   73 00000032 4770            BX               LR
   74 00000034         
   75 00000034         ;-------------------------------------------------------
                       ------------------------
   76 00000034         ;VerificaHashtag 
   77 00000034         VerificaHashtag_SetaSenha
   78 00000034 B500            PUSH{LR}
   79 00000036 280F            CMP              R0, #15
   80 00000038 D110            BNE              NaoHashtag_SetaSenha
   81 0000003A         
   82 0000003A         ;salvar senha na ram
   83 0000003A         
   84 0000003A F04F 5300       MOV              R3, #END_SENHA
   85 0000003E F8C3 9000       STR              R9, [R3]
   86 00000042         
   87 00000042         ;zerar senha temporária e contador
   88 00000042 F04F 0A00       MOV              R10, #0
   89 00000046 F04F 0900       MOV              R9, #0
   90 0000004A         
   91 0000004A         ;esperar 1s



ARM Macro Assembler    Page 3 


   92 0000004A F44F 707A       MOV              R0, #1000
   93 0000004E F7FF FFFE       BL               SysTick_Wait1ms
   94 00000052         
   95 00000052 F04F 0C02       MOV              R12, #FECHANDO
   96 00000056 F04F 0101       MOV              R1, #1
   97 0000005A E001            B                Fim_VerificaHashtag_SetaSenha
   98 0000005C         
   99 0000005C         NaoHashtag_SetaSenha
  100 0000005C         ; se não é hashtag, coloca esse contador pra 3, e a tecl
                       a atual será considerada a 4
  101 0000005C F04F 0A03       MOV              R10, #3
  102 00000060         Fim_VerificaHashtag_SetaSenha
  103 00000060 F85D EB04       POP{LR}
  104 00000064 4770            BX               LR
  105 00000066         
  106 00000066         ;-------------------------------------------------------
                       ------------------------
  107 00000066         ;ComparaSenha 
  108 00000066         ComparaSenha
  109 00000066 B500            PUSH{LR}
  110 00000068         
  111 00000068 F7FF FFFE       BL               Teclado_PegarTeclaPressionada
  112 0000006C 28FF            CMP              R0, #0xFF
  113 0000006E D011            BEQ              Fim_ComparaSenha
  114 00000070         
  115 00000070 4604            MOV              R4, R0      ;guarda a tecla pre
                                                            ssionada em R4
  116 00000072         
  117 00000072 F1BA 0F04       CMP              R10, #4
  118 00000076         ;se tiver 4 comparar com hashtag
  119 00000076 BFA8 F000 
              F80F             BLGE             VerificaHashtag_ComparaSenha
  120 0000007C 2901            CMP              R1, #1      ; se volta 1, era h
                                                            ashtag
  121 0000007E D009            BEQ              Fim_ComparaSenha
  122 00000080         
  123 00000080 EA4F 1909       LSL              R9, R9, #4
  124 00000084 EA49 0904       ORR              R9, R4
  125 00000088 F64F 73FF       MOV              R3, #0x0000FFFF ; para eliminar
                                                             se passar de 4
  126 0000008C EA09 0903       AND              R9, R3
  127 00000090         
  128 00000090 F10A 0A01       ADD              R10, #1
  129 00000094         
  130 00000094         Fim_ComparaSenha
  131 00000094 F85D EB04       POP              {LR}
  132 00000098 4770            BX               LR
  133 0000009A         
  134 0000009A         ;-------------------------------------------------------
                       ------------------------
  135 0000009A         ;VerificaHashtag 
  136 0000009A         VerificaHashtag_ComparaSenha
  137 0000009A B500            PUSH{LR}
  138 0000009C 280F            CMP              R0, #15
  139 0000009E D119            BNE              NaoHashtag_ComparaSenha
  140 000000A0         
  141 000000A0 F1BC 0F05       CMP              R12, #TRAVADO
  142 000000A4 D008            BEQ              esta_travado
  143 000000A6         



ARM Macro Assembler    Page 4 


  144 000000A6         ; se não tá em destravamento, pega senha da ram
  145 000000A6 F04F 5300       MOV              R3, #END_SENHA
  146 000000AA 681C            LDR              R4, [R3]
  147 000000AC 454C            CMP              R4, R9
  148 000000AE BF0C            ITE              EQ
  149 000000B0 F04F 0C04       MOVEQ            R12, #ABRINDO
  150 000000B4 1C7F            ADDNE            R7, R7, #1
  151 000000B6 E006            B                comum
  152 000000B8         
  153 000000B8         esta_travado
  154 000000B8 F242 3409       MOV              R4, #SENHA_MESTRA
  155 000000BC 454C            CMP              R4, R9
  156 000000BE BF04            ITT              EQ
  157 000000C0 F04F 0C04       MOVEQ            R12, #ABRINDO
  158 000000C4 2700            MOVEQ            R7, #0
  159 000000C6         
  160 000000C6         comum
  161 000000C6         ;zerar senha temporária e contador
  162 000000C6 F04F 0A00       MOV              R10, #0
  163 000000CA F04F 0900       MOV              R9, #0
  164 000000CE         
  165 000000CE F04F 0101       MOV              R1, #1
  166 000000D2 E001            B                Fim_VerificaHashtag_ComparaSenh
a
  167 000000D4         
  168 000000D4         NaoHashtag_ComparaSenha
  169 000000D4         ; se não é hashtag, coloca esse contador pra 3, e a tecl
                       a atual será considerada a 4
  170 000000D4 F04F 0A03       MOV              R10, #3
  171 000000D8         Fim_VerificaHashtag_ComparaSenha
  172 000000D8 F85D EB04       POP{LR}
  173 000000DC 4770            BX               LR
  174 000000DE         
  175 000000DE 00 00           ALIGN                        ; garante que o fim
                                                             da seção está alin
                                                            hada 
  176 000000E0                 END                          ; fim do arquivo
Command Line: --debug --xref --diag_suppress=9931 --cpu=Cortex-M4.fp.sp --apcs=
interwork --depend=.\objects\senha.d -o.\objects\senha.o -IC:\Users\admin\AppDa
ta\Local\Arm\Packs\Keil\TM4C_DFP\1.1.0\Device\Include\TM4C129 --predefine="__EV
AL SETA 1" --predefine="__UVISION_VERSION SETA 536" --predefine="TM4C1294NCPDT 
SETA 1" --list=.\listings\senha.lst senha.s



ARM Macro Assembler    Page 1 Alphabetic symbol ordering
Relocatable symbols

DATA 00000000

Symbol: DATA
   Definitions
      At line 22 in file senha.s
   Uses
      None
Comment: DATA unused
1 symbol



ARM Macro Assembler    Page 1 Alphabetic symbol ordering
Relocatable symbols

.text 00000000

Symbol: .text
   Definitions
      At line 33 in file senha.s
   Uses
      None
Comment: .text unused
ComparaSenha 00000066

Symbol: ComparaSenha
   Definitions
      At line 108 in file senha.s
   Uses
      At line 37 in file senha.s
Comment: ComparaSenha used once
Fim_ComparaSenha 00000094

Symbol: Fim_ComparaSenha
   Definitions
      At line 130 in file senha.s
   Uses
      At line 113 in file senha.s
      At line 121 in file senha.s

Fim_SetaSenha 0000002E

Symbol: Fim_SetaSenha
   Definitions
      At line 71 in file senha.s
   Uses
      At line 54 in file senha.s
      At line 62 in file senha.s

Fim_VerificaHashtag_ComparaSenha 000000D8

Symbol: Fim_VerificaHashtag_ComparaSenha
   Definitions
      At line 171 in file senha.s
   Uses
      At line 166 in file senha.s
Comment: Fim_VerificaHashtag_ComparaSenha used once
Fim_VerificaHashtag_SetaSenha 00000060

Symbol: Fim_VerificaHashtag_SetaSenha
   Definitions
      At line 102 in file senha.s
   Uses
      At line 97 in file senha.s
Comment: Fim_VerificaHashtag_SetaSenha used once
NaoHashtag_ComparaSenha 000000D4

Symbol: NaoHashtag_ComparaSenha
   Definitions
      At line 168 in file senha.s
   Uses
      At line 139 in file senha.s
Comment: NaoHashtag_ComparaSenha used once
NaoHashtag_SetaSenha 0000005C



ARM Macro Assembler    Page 2 Alphabetic symbol ordering
Relocatable symbols


Symbol: NaoHashtag_SetaSenha
   Definitions
      At line 99 in file senha.s
   Uses
      At line 80 in file senha.s
Comment: NaoHashtag_SetaSenha used once
SetaSenha 00000000

Symbol: SetaSenha
   Definitions
      At line 49 in file senha.s
   Uses
      At line 36 in file senha.s
Comment: SetaSenha used once
VerificaHashtag_ComparaSenha 0000009A

Symbol: VerificaHashtag_ComparaSenha
   Definitions
      At line 136 in file senha.s
   Uses
      At line 119 in file senha.s
Comment: VerificaHashtag_ComparaSenha used once
VerificaHashtag_SetaSenha 00000034

Symbol: VerificaHashtag_SetaSenha
   Definitions
      At line 77 in file senha.s
   Uses
      At line 60 in file senha.s
Comment: VerificaHashtag_SetaSenha used once
comum 000000C6

Symbol: comum
   Definitions
      At line 160 in file senha.s
   Uses
      At line 151 in file senha.s
Comment: comum used once
esta_travado 000000B8

Symbol: esta_travado
   Definitions
      At line 153 in file senha.s
   Uses
      At line 142 in file senha.s
Comment: esta_travado used once
13 symbols



ARM Macro Assembler    Page 1 Alphabetic symbol ordering
Absolute symbols

ABERTO 00000001

Symbol: ABERTO
   Definitions
      At line 11 in file senha.s
   Uses
      None
Comment: ABERTO unused
ABRINDO 00000004

Symbol: ABRINDO
   Definitions
      At line 14 in file senha.s
   Uses
      At line 149 in file senha.s
      At line 157 in file senha.s

END_SENHA 20000000

Symbol: END_SENHA
   Definitions
      At line 17 in file senha.s
   Uses
      At line 84 in file senha.s
      At line 145 in file senha.s

FECHADO 00000003

Symbol: FECHADO
   Definitions
      At line 13 in file senha.s
   Uses
      None
Comment: FECHADO unused
FECHANDO 00000002

Symbol: FECHANDO
   Definitions
      At line 12 in file senha.s
   Uses
      At line 95 in file senha.s
Comment: FECHANDO used once
SENHA_MESTRA 00002309

Symbol: SENHA_MESTRA
   Definitions
      At line 18 in file senha.s
   Uses
      At line 154 in file senha.s
Comment: SENHA_MESTRA used once
TRAVADO 00000005

Symbol: TRAVADO
   Definitions
      At line 15 in file senha.s
   Uses
      At line 141 in file senha.s
Comment: TRAVADO used once
7 symbols



ARM Macro Assembler    Page 1 Alphabetic symbol ordering
External symbols

PortK_Output 00000000

Symbol: PortK_Output
   Definitions
      At line 43 in file senha.s
   Uses
      None
Comment: PortK_Output unused
PortM_Output 00000000

Symbol: PortM_Output
   Definitions
      At line 42 in file senha.s
   Uses
      None
Comment: PortM_Output unused
SysTick_Wait1ms 00000000

Symbol: SysTick_Wait1ms
   Definitions
      At line 44 in file senha.s
   Uses
      At line 93 in file senha.s
Comment: SysTick_Wait1ms used once
SysTick_Wait1us 00000000

Symbol: SysTick_Wait1us
   Definitions
      At line 45 in file senha.s
   Uses
      None
Comment: SysTick_Wait1us unused
Teclado_PegarTeclaPressionada 00000000

Symbol: Teclado_PegarTeclaPressionada
   Definitions
      At line 46 in file senha.s
   Uses
      At line 52 in file senha.s
      At line 111 in file senha.s

5 symbols
360 symbols in table
